<?xml version="1.0" encoding="UTF-8"?>
<!-- Generated by org.testng.reporters.JUnitXMLReporter -->
<testsuite hostname="Lenovo" ignored="4" tests="0" failures="0" timestamp="2023-03-15T12:34:38 IST" time="58.85" errors="0">
  <testcase name="ordering" time="0.0" classname="testScripts.ExecutionClass">
    <ignored/>
  </testcase> <!-- ordering -->
  <testcase name="login" time="0.0" classname="testScripts.ExecutionClass">
    <ignored/>
  </testcase> <!-- login -->
  <testcase name="del" time="0.0" classname="testScripts.ExecutionClass">
    <ignored/>
  </testcase> <!-- del -->
  <testcase name="addingitemdata" time="0.0" classname="testScripts.ExecutionClass">
    <ignored/>
  </testcase> <!-- addingitemdata -->
</testsuite>
