<?xml version="1.0" encoding="UTF-8"?>
<testng-results skipped="0" failed="0" ignored="4" total="4" passed="0">
  <reporter-output>
  </reporter-output>
  <suite name="Default suite" duration-ms="58850" started-at="2023-03-15T12:33:39 IST" finished-at="2023-03-15T12:34:38 IST">
    <groups>
    </groups>
    <test name="Default test" duration-ms="58850" started-at="2023-03-15T12:33:39 IST" finished-at="2023-03-15T12:34:38 IST">
      <class name="testScripts.ExecutionClass">
        <test-method status="PASS" signature="setup()[pri:0, instance:testScripts.ExecutionClass@df27fae]" name="setup" is-config="true" duration-ms="55955" started-at="2023-03-15T12:33:39 IST" finished-at="2023-03-15T12:34:35 IST">
          <reporter-output>
          </reporter-output>
        </test-method> <!-- setup -->
        <test-method status="PASS" signature="finishExtent()[pri:0, instance:testScripts.ExecutionClass@df27fae]" name="finishExtent" is-config="true" duration-ms="2842" started-at="2023-03-15T12:34:35 IST" finished-at="2023-03-15T12:34:38 IST">
          <reporter-output>
          </reporter-output>
        </test-method> <!-- finishExtent -->
      </class> <!-- testScripts.ExecutionClass -->
    </test> <!-- Default test -->
  </suite> <!-- Default suite -->
</testng-results>
