<?xml version="1.0" encoding="UTF-8"?>
<testng-results skipped="0" failed="2" ignored="0" total="5" passed="3">
  <reporter-output>
  </reporter-output>
  <suite name="Suite" duration-ms="129284" started-at="2023-03-15T07:53:03 IST" finished-at="2023-03-15T07:55:13 IST">
    <groups>
    </groups>
    <test name="Test" duration-ms="129284" started-at="2023-03-15T07:53:03 IST" finished-at="2023-03-15T07:55:13 IST">
      <class name="testScripts.ExecutionClass">
        <test-method status="PASS" signature="setup()[pri:0, instance:testScripts.ExecutionClass@4c762604]" name="setup" is-config="true" duration-ms="67821" started-at="2023-03-15T07:53:04 IST" finished-at="2023-03-15T07:54:11 IST">
          <reporter-output>
          </reporter-output>
        </test-method> <!-- setup -->
        <test-method status="FAIL" signature="login()[pri:1, instance:testScripts.ExecutionClass@4c762604]" name="login" duration-ms="15778" started-at="2023-03-15T07:54:12 IST" finished-at="2023-03-15T07:54:28 IST">
          <exception class="org.openqa.selenium.StaleElementReferenceException">
            <message>
              <![CDATA[stale element reference: element is not attached to the page document
  (Session info: MicrosoftEdge=110.0.1587.63)
For documentation on this error, please visit: https://selenium.dev/exceptions/#stale_element_reference
Build info: version: '4.6.0', revision: '79f1c02ae20'
System info: os.name: 'Windows 10', os.arch: 'amd64', os.version: '10.0', java.version: '1.8.0_361'
Driver info: org.openqa.selenium.edge.EdgeDriver
Command: [d7ae538573b152bb8ebd9980257ab3fb, clickElement {id=bbad058d-4a20-46f4-ab7b-82bb7e4795fd}]
Capabilities {acceptInsecureCerts: false, browserName: msedge, browserVersion: 110.0.1587.63, ms:edgeOptions: {debuggerAddress: localhost:54193}, msedge: {msedgedriverVersion: 110.0.1587.69 (f970cc122bfe..., userDataDir: C:\Users\ELCOT\AppData\Loca...}, networkConnectionEnabled: false, pageLoadStrategy: normal, platformName: WINDOWS, proxy: Proxy(), se:cdp: ws://localhost:54193/devtoo..., se:cdpVersion: 110.0.1587.63, setWindowRect: true, strictFileInteractability: false, timeouts: {implicit: 0, pageLoad: 300000, script: 30000}, unhandledPromptBehavior: dismiss and notify, webauthn:extension:credBlob: true, webauthn:extension:largeBlob: true, webauthn:virtualAuthenticators: true}
Element: [[EdgeDriver: msedge on WINDOWS (d7ae538573b152bb8ebd9980257ab3fb)] -> xpath: //a[contains(text(),'Home')]]
Session ID: d7ae538573b152bb8ebd9980257ab3fb]]>
            </message>
            <full-stacktrace>
              <![CDATA[org.openqa.selenium.StaleElementReferenceException: stale element reference: element is not attached to the page document
  (Session info: MicrosoftEdge=110.0.1587.63)
For documentation on this error, please visit: https://selenium.dev/exceptions/#stale_element_reference
Build info: version: '4.6.0', revision: '79f1c02ae20'
System info: os.name: 'Windows 10', os.arch: 'amd64', os.version: '10.0', java.version: '1.8.0_361'
Driver info: org.openqa.selenium.edge.EdgeDriver
Command: [d7ae538573b152bb8ebd9980257ab3fb, clickElement {id=bbad058d-4a20-46f4-ab7b-82bb7e4795fd}]
Capabilities {acceptInsecureCerts: false, browserName: msedge, browserVersion: 110.0.1587.63, ms:edgeOptions: {debuggerAddress: localhost:54193}, msedge: {msedgedriverVersion: 110.0.1587.69 (f970cc122bfe..., userDataDir: C:\Users\ELCOT\AppData\Loca...}, networkConnectionEnabled: false, pageLoadStrategy: normal, platformName: WINDOWS, proxy: Proxy(), se:cdp: ws://localhost:54193/devtoo..., se:cdpVersion: 110.0.1587.63, setWindowRect: true, strictFileInteractability: false, timeouts: {implicit: 0, pageLoad: 300000, script: 30000}, unhandledPromptBehavior: dismiss and notify, webauthn:extension:credBlob: true, webauthn:extension:largeBlob: true, webauthn:virtualAuthenticators: true}
Element: [[EdgeDriver: msedge on WINDOWS (d7ae538573b152bb8ebd9980257ab3fb)] -> xpath: //a[contains(text(),'Home')]]
Session ID: d7ae538573b152bb8ebd9980257ab3fb
at sun.reflect.NativeConstructorAccessorImpl.newInstance0(Native Method)
at sun.reflect.NativeConstructorAccessorImpl.newInstance(NativeConstructorAccessorImpl.java:62)
at sun.reflect.DelegatingConstructorAccessorImpl.newInstance(DelegatingConstructorAccessorImpl.java:45)
at java.lang.reflect.Constructor.newInstance(Constructor.java:423)
at org.openqa.selenium.remote.codec.w3c.W3CHttpResponseCodec.createException(W3CHttpResponseCodec.java:200)
at org.openqa.selenium.remote.codec.w3c.W3CHttpResponseCodec.decode(W3CHttpResponseCodec.java:133)
at org.openqa.selenium.remote.codec.w3c.W3CHttpResponseCodec.decode(W3CHttpResponseCodec.java:53)
at org.openqa.selenium.remote.HttpCommandExecutor.execute(HttpCommandExecutor.java:184)
at org.openqa.selenium.remote.service.DriverCommandExecutor.invokeExecute(DriverCommandExecutor.java:167)
at org.openqa.selenium.remote.service.DriverCommandExecutor.execute(DriverCommandExecutor.java:142)
at org.openqa.selenium.remote.RemoteWebDriver.execute(RemoteWebDriver.java:541)
at org.openqa.selenium.remote.RemoteWebElement.execute(RemoteWebElement.java:257)
at org.openqa.selenium.remote.RemoteWebElement.click(RemoteWebElement.java:78)
at sun.reflect.NativeMethodAccessorImpl.invoke0(Native Method)
at sun.reflect.NativeMethodAccessorImpl.invoke(NativeMethodAccessorImpl.java:62)
at sun.reflect.DelegatingMethodAccessorImpl.invoke(DelegatingMethodAccessorImpl.java:43)
at java.lang.reflect.Method.invoke(Method.java:498)
at org.openqa.selenium.support.pagefactory.internal.LocatingElementHandler.invoke(LocatingElementHandler.java:52)
at com.sun.proxy.$Proxy17.click(Unknown Source)
at Pages.SignInPage.SigninCret(SignInPage.java:43)
at testScripts.ExecutionClass.login(ExecutionClass.java:50)
at sun.reflect.NativeMethodAccessorImpl.invoke0(Native Method)
at sun.reflect.NativeMethodAccessorImpl.invoke(NativeMethodAccessorImpl.java:62)
at sun.reflect.DelegatingMethodAccessorImpl.invoke(DelegatingMethodAccessorImpl.java:43)
at java.lang.reflect.Method.invoke(Method.java:498)
at org.testng.internal.MethodInvocationHelper.invokeMethod(MethodInvocationHelper.java:133)
at org.testng.internal.TestInvoker.invokeMethod(TestInvoker.java:598)
at org.testng.internal.TestInvoker.invokeTestMethod(TestInvoker.java:173)
at org.testng.internal.MethodRunner.runInSequence(MethodRunner.java:46)
at org.testng.internal.TestInvoker$MethodInvocationAgent.invoke(TestInvoker.java:824)
at org.testng.internal.TestInvoker.invokeTestMethods(TestInvoker.java:146)
at org.testng.internal.TestMethodWorker.invokeTestMethods(TestMethodWorker.java:146)
at org.testng.internal.TestMethodWorker.run(TestMethodWorker.java:128)
at java.util.concurrent.ThreadPoolExecutor.runWorker(ThreadPoolExecutor.java:1149)
at java.util.concurrent.ThreadPoolExecutor$Worker.run(ThreadPoolExecutor.java:624)
at java.lang.Thread.run(Thread.java:750)
]]>
            </full-stacktrace>
          </exception> <!-- org.openqa.selenium.StaleElementReferenceException -->
          <reporter-output>
          </reporter-output>
        </test-method> <!-- login -->
        <test-method status="PASS" signature="teardown(org.testng.ITestResult)[pri:0, instance:testScripts.ExecutionClass@4c762604]" name="teardown" is-config="true" duration-ms="4147" started-at="2023-03-15T07:54:28 IST" finished-at="2023-03-15T07:54:32 IST">
          <params>
            <param index="0">
              <value>
                <![CDATA[[TestResult name=login status=FAILURE method=ExecutionClass.login()[pri:1, instance:testScripts.ExecutionClass@4c762604] output={null}]]]>
              </value>
            </param>
          </params>
          <reporter-output>
          </reporter-output>
        </test-method> <!-- teardown -->
        <test-method status="PASS" signature="addingitemdata(java.lang.String,java.lang.String)[pri:2, instance:testScripts.ExecutionClass@4c762604]" name="addingitemdata" duration-ms="14573" started-at="2023-03-15T07:54:33 IST" data-provider="readdata" finished-at="2023-03-15T07:54:48 IST">
          <params>
            <param index="0">
              <value>
                <![CDATA[Phone]]>
              </value>
            </param>
            <param index="1">
              <value>
                <![CDATA[Nokia lumia 1520]]>
              </value>
            </param>
          </params>
          <reporter-output>
          </reporter-output>
        </test-method> <!-- addingitemdata -->
        <test-method status="PASS" signature="teardown(org.testng.ITestResult)[pri:0, instance:testScripts.ExecutionClass@4c762604]" name="teardown" is-config="true" duration-ms="0" started-at="2023-03-15T07:54:48 IST" finished-at="2023-03-15T07:54:48 IST">
          <params>
            <param index="0">
              <value>
                <![CDATA[[TestResult name=addingitemdata status=SUCCESS method=ExecutionClass.addingitemdata(java.lang.String,java.lang.String)[pri:2, instance:testScripts.ExecutionClass@4c762604] output={null}]]]>
              </value>
            </param>
          </params>
          <reporter-output>
          </reporter-output>
        </test-method> <!-- teardown -->
        <test-method status="PASS" signature="addingitemdata(java.lang.String,java.lang.String)[pri:2, instance:testScripts.ExecutionClass@4c762604]" name="addingitemdata" duration-ms="11781" started-at="2023-03-15T07:54:48 IST" data-provider="readdata" finished-at="2023-03-15T07:55:00 IST">
          <params>
            <param index="0">
              <value>
                <![CDATA[Laptops]]>
              </value>
            </param>
            <param index="1">
              <value>
                <![CDATA[Sony vaio i5]]>
              </value>
            </param>
          </params>
          <reporter-output>
          </reporter-output>
        </test-method> <!-- addingitemdata -->
        <test-method status="PASS" signature="teardown(org.testng.ITestResult)[pri:0, instance:testScripts.ExecutionClass@4c762604]" name="teardown" is-config="true" duration-ms="1" started-at="2023-03-15T07:55:00 IST" finished-at="2023-03-15T07:55:00 IST">
          <params>
            <param index="0">
              <value>
                <![CDATA[[TestResult name=addingitemdata status=SUCCESS method=ExecutionClass.addingitemdata(java.lang.String,java.lang.String)[pri:2, instance:testScripts.ExecutionClass@4c762604] output={null}]]]>
              </value>
            </param>
          </params>
          <reporter-output>
          </reporter-output>
        </test-method> <!-- teardown -->
        <test-method status="PASS" signature="ordering()[pri:4, instance:testScripts.ExecutionClass@4c762604]" name="ordering" duration-ms="9135" started-at="2023-03-15T07:55:00 IST" finished-at="2023-03-15T07:55:09 IST">
          <reporter-output>
          </reporter-output>
        </test-method> <!-- ordering -->
        <test-method status="PASS" signature="teardown(org.testng.ITestResult)[pri:0, instance:testScripts.ExecutionClass@4c762604]" name="teardown" is-config="true" duration-ms="1" started-at="2023-03-15T07:55:09 IST" finished-at="2023-03-15T07:55:09 IST">
          <params>
            <param index="0">
              <value>
                <![CDATA[[TestResult name=ordering status=SUCCESS method=ExecutionClass.ordering()[pri:4, instance:testScripts.ExecutionClass@4c762604] output={null}]]]>
              </value>
            </param>
          </params>
          <reporter-output>
          </reporter-output>
        </test-method> <!-- teardown -->
        <test-method status="FAIL" signature="del()[pri:3, instance:testScripts.ExecutionClass@4c762604]" name="del" duration-ms="1189" started-at="2023-03-15T07:55:09 IST" depends-on-methods="testScripts.ExecutionClass.addingitemdata" finished-at="2023-03-15T07:55:10 IST">
          <exception class="org.openqa.selenium.ElementClickInterceptedException">
            <message>
              <![CDATA[element click intercepted: Element <a class="nav-link" href="index.html">...</a> is not clickable at point (412, 37). Other element would receive the click: <div class="modal fade show" id="orderModal" tabindex="-1" role="dialog" aria-labelledby="orderModalLabel" style="display: block;">...</div>
  (Session info: MicrosoftEdge=110.0.1587.63)
Build info: version: '4.6.0', revision: '79f1c02ae20'
System info: os.name: 'Windows 10', os.arch: 'amd64', os.version: '10.0', java.version: '1.8.0_361'
Driver info: org.openqa.selenium.edge.EdgeDriver
Command: [d7ae538573b152bb8ebd9980257ab3fb, clickElement {id=0171391e-fae1-45cf-bdce-7ac0195d00dc}]
Capabilities {acceptInsecureCerts: false, browserName: msedge, browserVersion: 110.0.1587.63, ms:edgeOptions: {debuggerAddress: localhost:54193}, msedge: {msedgedriverVersion: 110.0.1587.69 (f970cc122bfe..., userDataDir: C:\Users\ELCOT\AppData\Loca...}, networkConnectionEnabled: false, pageLoadStrategy: normal, platformName: WINDOWS, proxy: Proxy(), se:cdp: ws://localhost:54193/devtoo..., se:cdpVersion: 110.0.1587.63, setWindowRect: true, strictFileInteractability: false, timeouts: {implicit: 0, pageLoad: 300000, script: 30000}, unhandledPromptBehavior: dismiss and notify, webauthn:extension:credBlob: true, webauthn:extension:largeBlob: true, webauthn:virtualAuthenticators: true}
Element: [[EdgeDriver: msedge on WINDOWS (d7ae538573b152bb8ebd9980257ab3fb)] -> xpath: //a[contains(text(),'Home')]]
Session ID: d7ae538573b152bb8ebd9980257ab3fb]]>
            </message>
            <full-stacktrace>
              <![CDATA[org.openqa.selenium.ElementClickInterceptedException: element click intercepted: Element <a class="nav-link" href="index.html">...</a> is not clickable at point (412, 37). Other element would receive the click: <div class="modal fade show" id="orderModal" tabindex="-1" role="dialog" aria-labelledby="orderModalLabel" style="display: block;">...</div>
  (Session info: MicrosoftEdge=110.0.1587.63)
Build info: version: '4.6.0', revision: '79f1c02ae20'
System info: os.name: 'Windows 10', os.arch: 'amd64', os.version: '10.0', java.version: '1.8.0_361'
Driver info: org.openqa.selenium.edge.EdgeDriver
Command: [d7ae538573b152bb8ebd9980257ab3fb, clickElement {id=0171391e-fae1-45cf-bdce-7ac0195d00dc}]
Capabilities {acceptInsecureCerts: false, browserName: msedge, browserVersion: 110.0.1587.63, ms:edgeOptions: {debuggerAddress: localhost:54193}, msedge: {msedgedriverVersion: 110.0.1587.69 (f970cc122bfe..., userDataDir: C:\Users\ELCOT\AppData\Loca...}, networkConnectionEnabled: false, pageLoadStrategy: normal, platformName: WINDOWS, proxy: Proxy(), se:cdp: ws://localhost:54193/devtoo..., se:cdpVersion: 110.0.1587.63, setWindowRect: true, strictFileInteractability: false, timeouts: {implicit: 0, pageLoad: 300000, script: 30000}, unhandledPromptBehavior: dismiss and notify, webauthn:extension:credBlob: true, webauthn:extension:largeBlob: true, webauthn:virtualAuthenticators: true}
Element: [[EdgeDriver: msedge on WINDOWS (d7ae538573b152bb8ebd9980257ab3fb)] -> xpath: //a[contains(text(),'Home')]]
Session ID: d7ae538573b152bb8ebd9980257ab3fb
at sun.reflect.NativeConstructorAccessorImpl.newInstance0(Native Method)
at sun.reflect.NativeConstructorAccessorImpl.newInstance(NativeConstructorAccessorImpl.java:62)
at sun.reflect.DelegatingConstructorAccessorImpl.newInstance(DelegatingConstructorAccessorImpl.java:45)
at java.lang.reflect.Constructor.newInstance(Constructor.java:423)
at org.openqa.selenium.remote.codec.w3c.W3CHttpResponseCodec.createException(W3CHttpResponseCodec.java:200)
at org.openqa.selenium.remote.codec.w3c.W3CHttpResponseCodec.decode(W3CHttpResponseCodec.java:133)
at org.openqa.selenium.remote.codec.w3c.W3CHttpResponseCodec.decode(W3CHttpResponseCodec.java:53)
at org.openqa.selenium.remote.HttpCommandExecutor.execute(HttpCommandExecutor.java:184)
at org.openqa.selenium.remote.service.DriverCommandExecutor.invokeExecute(DriverCommandExecutor.java:167)
at org.openqa.selenium.remote.service.DriverCommandExecutor.execute(DriverCommandExecutor.java:142)
at org.openqa.selenium.remote.RemoteWebDriver.execute(RemoteWebDriver.java:541)
at org.openqa.selenium.remote.RemoteWebElement.execute(RemoteWebElement.java:257)
at org.openqa.selenium.remote.RemoteWebElement.click(RemoteWebElement.java:78)
at sun.reflect.NativeMethodAccessorImpl.invoke0(Native Method)
at sun.reflect.NativeMethodAccessorImpl.invoke(NativeMethodAccessorImpl.java:62)
at sun.reflect.DelegatingMethodAccessorImpl.invoke(DelegatingMethodAccessorImpl.java:43)
at java.lang.reflect.Method.invoke(Method.java:498)
at org.openqa.selenium.support.pagefactory.internal.LocatingElementHandler.invoke(LocatingElementHandler.java:52)
at com.sun.proxy.$Proxy17.click(Unknown Source)
at Pages.CartPage.deletelist(CartPage.java:36)
at testScripts.ExecutionClass.del(ExecutionClass.java:77)
at sun.reflect.NativeMethodAccessorImpl.invoke0(Native Method)
at sun.reflect.NativeMethodAccessorImpl.invoke(NativeMethodAccessorImpl.java:62)
at sun.reflect.DelegatingMethodAccessorImpl.invoke(DelegatingMethodAccessorImpl.java:43)
at java.lang.reflect.Method.invoke(Method.java:498)
at org.testng.internal.MethodInvocationHelper.invokeMethod(MethodInvocationHelper.java:133)
at org.testng.internal.TestInvoker.invokeMethod(TestInvoker.java:598)
at org.testng.internal.TestInvoker.invokeTestMethod(TestInvoker.java:173)
at org.testng.internal.MethodRunner.runInSequence(MethodRunner.java:46)
at org.testng.internal.TestInvoker$MethodInvocationAgent.invoke(TestInvoker.java:824)
at org.testng.internal.TestInvoker.invokeTestMethods(TestInvoker.java:146)
at org.testng.internal.TestMethodWorker.invokeTestMethods(TestMethodWorker.java:146)
at org.testng.internal.TestMethodWorker.run(TestMethodWorker.java:128)
at java.util.concurrent.ThreadPoolExecutor.runWorker(ThreadPoolExecutor.java:1149)
at java.util.concurrent.ThreadPoolExecutor$Worker.run(ThreadPoolExecutor.java:624)
at java.lang.Thread.run(Thread.java:750)
]]>
            </full-stacktrace>
          </exception> <!-- org.openqa.selenium.ElementClickInterceptedException -->
          <reporter-output>
          </reporter-output>
        </test-method> <!-- del -->
        <test-method status="PASS" signature="teardown(org.testng.ITestResult)[pri:0, instance:testScripts.ExecutionClass@4c762604]" name="teardown" is-config="true" duration-ms="295" started-at="2023-03-15T07:55:10 IST" finished-at="2023-03-15T07:55:10 IST">
          <params>
            <param index="0">
              <value>
                <![CDATA[[TestResult name=del status=FAILURE method=ExecutionClass.del()[pri:3, instance:testScripts.ExecutionClass@4c762604] output={null}]]]>
              </value>
            </param>
          </params>
          <reporter-output>
          </reporter-output>
        </test-method> <!-- teardown -->
        <test-method status="PASS" signature="finishExtent()[pri:0, instance:testScripts.ExecutionClass@4c762604]" name="finishExtent" is-config="true" duration-ms="2307" started-at="2023-03-15T07:55:10 IST" finished-at="2023-03-15T07:55:13 IST">
          <reporter-output>
          </reporter-output>
        </test-method> <!-- finishExtent -->
      </class> <!-- testScripts.ExecutionClass -->
    </test> <!-- Test -->
  </suite> <!-- Suite -->
</testng-results>
